This file contains any messages produced by compilers while
running configure, to aid debugging if configure makes a mistake.

It was created by rogueclone2s configure 6.0, which was
generated by GNU Autoconf 2.69.  Invocation command line was

  $ ./configure 

## --------- ##
## Platform. ##
## --------- ##

hostname = raspberrypi
uname -m = aarch64
uname -r = 6.1.21-v8+
uname -s = Linux
uname -v = #1642 SMP PREEMPT Mon Apr  3 17:24:16 BST 2023

/usr/bin/uname -p = unknown
/bin/uname -X     = unknown

/bin/arch              = aarch64
/usr/bin/arch -k       = unknown
/usr/convex/getsysinfo = unknown
/usr/bin/hostinfo      = unknown
/bin/machine           = unknown
/usr/bin/oslevel       = unknown
/bin/universe          = unknown

PATH: /home/pi/emsdk
PATH: /home/pi/emsdk/upstream/emscripten
PATH: /home/pi/emsdk/node/14.18.2_64bit/bin
PATH: /usr/local/sbin
PATH: /usr/local/bin
PATH: /usr/sbin
PATH: /usr/bin
PATH: /sbin
PATH: /bin
PATH: /usr/local/games
PATH: /usr/games
PATH: /home/pi/arm-gnu-toolchain-13.2.Rel1-aarch64-aarch64-none-elf/bin
PATH: /home/pi/gcc-arm-none-eabi-10.3-2021.07/bin


## ----------- ##
## Core tests. ##
## ----------- ##

configure:2234: checking for a BSD-compatible install
configure:2302: result: /usr/bin/install -c
configure:2313: checking whether build environment is sane
configure:2363: result: yes
configure:2504: checking for a thread-safe mkdir -p
configure:2543: result: /usr/bin/mkdir -p
configure:2556: checking for gawk
configure:2586: result: no
configure:2556: checking for mawk
configure:2572: found /usr/bin/mawk
configure:2583: result: mawk
configure:2594: checking whether make sets $(MAKE)
configure:2616: result: yes
configure:2749: checking for gcc
configure:2776: result: /usr/bin/gcc
configure:3005: checking for C compiler version
configure:3014: /usr/bin/gcc --version >&5
gcc (Debian 10.2.1-6) 10.2.1 20210110
Copyright (C) 2020 Free Software Foundation, Inc.
This is free software; see the source for copying conditions.  There is NO
warranty; not even for MERCHANTABILITY or FITNESS FOR A PARTICULAR PURPOSE.

configure:3025: $? = 0
configure:3014: /usr/bin/gcc -v >&5
Using built-in specs.
COLLECT_GCC=/usr/bin/gcc
COLLECT_LTO_WRAPPER=/usr/lib/gcc/aarch64-linux-gnu/10/lto-wrapper
Target: aarch64-linux-gnu
Configured with: ../src/configure -v --with-pkgversion='Debian 10.2.1-6' --with-bugurl=file:///usr/share/doc/gcc-10/README.Bugs --enable-languages=c,ada,c++,go,d,fortran,objc,obj-c++,m2 --prefix=/usr --with-gcc-major-version-only --program-suffix=-10 --program-prefix=aarch64-linux-gnu- --enable-shared --enable-linker-build-id --libexecdir=/usr/lib --without-included-gettext --enable-threads=posix --libdir=/usr/lib --enable-nls --enable-bootstrap --enable-clocale=gnu --enable-libstdcxx-debug --enable-libstdcxx-time=yes --with-default-libstdcxx-abi=new --enable-gnu-unique-object --disable-libquadmath --disable-libquadmath-support --enable-plugin --enable-default-pie --with-system-zlib --enable-libphobos-checking=release --with-target-system-zlib=auto --enable-objc-gc=auto --enable-multiarch --enable-fix-cortex-a53-843419 --disable-werror --enable-checking=release --build=aarch64-linux-gnu --host=aarch64-linux-gnu --target=aarch64-linux-gnu --with-build-config=bootstrap-lto-lean --enable-link-mutex
Thread model: posix
Supported LTO compression algorithms: zlib zstd
gcc version 10.2.1 20210110 (Debian 10.2.1-6) 
configure:3025: $? = 0
configure:3014: /usr/bin/gcc -V >&5
gcc: error: unrecognized command-line option '-V'
gcc: fatal error: no input files
compilation terminated.
configure:3025: $? = 1
configure:3014: /usr/bin/gcc -qversion >&5
gcc: error: unrecognized command-line option '-qversion'; did you mean '--version'?
gcc: fatal error: no input files
compilation terminated.
configure:3025: $? = 1
configure:3045: checking whether the C compiler works
configure:3067: /usr/bin/gcc    conftest.c  >&5
configure:3071: $? = 0
configure:3119: result: yes
configure:3122: checking for C compiler default output file name
configure:3124: result: a.out
configure:3130: checking for suffix of executables
configure:3137: /usr/bin/gcc -o conftest    conftest.c  >&5
configure:3141: $? = 0
configure:3163: result: 
configure:3185: checking whether we are cross compiling
configure:3193: /usr/bin/gcc -o conftest    conftest.c  >&5
configure:3197: $? = 0
configure:3204: ./conftest
configure:3208: $? = 0
configure:3223: result: no
configure:3228: checking for suffix of object files
configure:3250: /usr/bin/gcc -c   conftest.c >&5
configure:3254: $? = 0
configure:3275: result: o
configure:3279: checking whether we are using the GNU C compiler
configure:3298: /usr/bin/gcc -c   conftest.c >&5
configure:3298: $? = 0
configure:3307: result: yes
configure:3316: checking whether /usr/bin/gcc accepts -g
configure:3336: /usr/bin/gcc -c -g  conftest.c >&5
configure:3336: $? = 0
configure:3377: result: yes
configure:3394: checking for /usr/bin/gcc option to accept ISO C89
configure:3457: /usr/bin/gcc  -c -g -O2  conftest.c >&5
configure:3457: $? = 0
configure:3470: result: none needed
configure:3501: checking for style of include used by make
configure:3529: result: GNU
configure:3554: checking dependency style of /usr/bin/gcc
configure:3664: result: gcc3
configure:3680: checking whether /usr/bin/gcc and cc understand -c and -o together
configure:3711: /usr/bin/gcc -c conftest.c -o conftest2.o >&5
configure:3715: $? = 0
configure:3721: /usr/bin/gcc -c conftest.c -o conftest2.o >&5
configure:3725: $? = 0
configure:3736: cc -c conftest.c >&5
configure:3740: $? = 0
configure:3748: cc -c conftest.c -o conftest2.o >&5
configure:3752: $? = 0
configure:3758: cc -c conftest.c -o conftest2.o >&5
configure:3762: $? = 0
configure:3780: result: yes
configure:3815: checking how to run the C preprocessor
configure:3846: /usr/bin/gcc -E  conftest.c
configure:3846: $? = 0
configure:3860: /usr/bin/gcc -E  conftest.c
conftest.c:11:10: fatal error: ac_nonexistent.h: No such file or directory
   11 | #include <ac_nonexistent.h>
      |          ^~~~~~~~~~~~~~~~~~
compilation terminated.
configure:3860: $? = 1
configure: failed program was:
| /* confdefs.h */
| #define PACKAGE_NAME "rogueclone2s"
| #define PACKAGE_TARNAME "rogueclone2s"
| #define PACKAGE_VERSION "6.0"
| #define PACKAGE_STRING "rogueclone2s 6.0"
| #define PACKAGE_BUGREPORT "http://homepage2.nifty.com/107steps/"
| #define PACKAGE_URL ""
| #define PACKAGE "rogueclone2s"
| #define VERSION "6.0"
| /* end confdefs.h.  */
| #include <ac_nonexistent.h>
configure:3885: result: /usr/bin/gcc -E
configure:3905: /usr/bin/gcc -E  conftest.c
configure:3905: $? = 0
configure:3919: /usr/bin/gcc -E  conftest.c
conftest.c:11:10: fatal error: ac_nonexistent.h: No such file or directory
   11 | #include <ac_nonexistent.h>
      |          ^~~~~~~~~~~~~~~~~~
compilation terminated.
configure:3919: $? = 1
configure: failed program was:
| /* confdefs.h */
| #define PACKAGE_NAME "rogueclone2s"
| #define PACKAGE_TARNAME "rogueclone2s"
| #define PACKAGE_VERSION "6.0"
| #define PACKAGE_STRING "rogueclone2s 6.0"
| #define PACKAGE_BUGREPORT "http://homepage2.nifty.com/107steps/"
| #define PACKAGE_URL ""
| #define PACKAGE "rogueclone2s"
| #define VERSION "6.0"
| /* end confdefs.h.  */
| #include <ac_nonexistent.h>
configure:3948: checking for grep that handles long lines and -e
configure:4006: result: /usr/bin/grep
configure:4011: checking for egrep
configure:4073: result: /usr/bin/grep -E
configure:4078: checking for ANSI C header files
configure:4098: /usr/bin/gcc -c -g -O2  conftest.c >&5
configure:4098: $? = 0
configure:4171: /usr/bin/gcc -o conftest -g -O2   conftest.c  >&5
configure:4171: $? = 0
configure:4171: ./conftest
configure:4171: $? = 0
configure:4182: result: yes
configure:4195: checking for sys/types.h
configure:4195: /usr/bin/gcc -c -g -O2  conftest.c >&5
configure:4195: $? = 0
configure:4195: result: yes
configure:4195: checking for sys/stat.h
configure:4195: /usr/bin/gcc -c -g -O2  conftest.c >&5
configure:4195: $? = 0
configure:4195: result: yes
configure:4195: checking for stdlib.h
configure:4195: /usr/bin/gcc -c -g -O2  conftest.c >&5
configure:4195: $? = 0
configure:4195: result: yes
configure:4195: checking for string.h
configure:4195: /usr/bin/gcc -c -g -O2  conftest.c >&5
configure:4195: $? = 0
configure:4195: result: yes
configure:4195: checking for memory.h
configure:4195: /usr/bin/gcc -c -g -O2  conftest.c >&5
configure:4195: $? = 0
configure:4195: result: yes
configure:4195: checking for strings.h
configure:4195: /usr/bin/gcc -c -g -O2  conftest.c >&5
configure:4195: $? = 0
configure:4195: result: yes
configure:4195: checking for inttypes.h
configure:4195: /usr/bin/gcc -c -g -O2  conftest.c >&5
configure:4195: $? = 0
configure:4195: result: yes
configure:4195: checking for stdint.h
configure:4195: /usr/bin/gcc -c -g -O2  conftest.c >&5
configure:4195: $? = 0
configure:4195: result: yes
configure:4195: checking for unistd.h
configure:4195: /usr/bin/gcc -c -g -O2  conftest.c >&5
configure:4195: $? = 0
configure:4195: result: yes
configure:4210: checking fcntl.h usability
configure:4210: /usr/bin/gcc -c -g -O2  conftest.c >&5
configure:4210: $? = 0
configure:4210: result: yes
configure:4210: checking fcntl.h presence
configure:4210: /usr/bin/gcc -E  conftest.c
configure:4210: $? = 0
configure:4210: result: yes
configure:4210: checking for fcntl.h
configure:4210: result: yes
configure:4210: checking sgtty.h usability
configure:4210: /usr/bin/gcc -c -g -O2  conftest.c >&5
configure:4210: $? = 0
configure:4210: result: yes
configure:4210: checking sgtty.h presence
configure:4210: /usr/bin/gcc -E  conftest.c
configure:4210: $? = 0
configure:4210: result: yes
configure:4210: checking for sgtty.h
configure:4210: result: yes
configure:4210: checking for stdlib.h
configure:4210: result: yes
configure:4210: checking for string.h
configure:4210: result: yes
configure:4210: checking for strings.h
configure:4210: result: yes
configure:4210: checking sys/file.h usability
configure:4210: /usr/bin/gcc -c -g -O2  conftest.c >&5
configure:4210: $? = 0
configure:4210: result: yes
configure:4210: checking sys/file.h presence
configure:4210: /usr/bin/gcc -E  conftest.c
configure:4210: $? = 0
configure:4210: result: yes
configure:4210: checking for sys/file.h
configure:4210: result: yes
configure:4210: checking sys/time.h usability
configure:4210: /usr/bin/gcc -c -g -O2  conftest.c >&5
configure:4210: $? = 0
configure:4210: result: yes
configure:4210: checking sys/time.h presence
configure:4210: /usr/bin/gcc -E  conftest.c
configure:4210: $? = 0
configure:4210: result: yes
configure:4210: checking for sys/time.h
configure:4210: result: yes
configure:4210: checking termio.h usability
configure:4210: /usr/bin/gcc -c -g -O2  conftest.c >&5
configure:4210: $? = 0
configure:4210: result: yes
configure:4210: checking termio.h presence
configure:4210: /usr/bin/gcc -E  conftest.c
configure:4210: $? = 0
configure:4210: result: yes
configure:4210: checking for termio.h
configure:4210: result: yes
configure:4210: checking for unistd.h
configure:4210: result: yes
configure:4222: checking for an ANSI C-conforming const
configure:4288: /usr/bin/gcc -c -g -O2  conftest.c >&5
configure:4288: $? = 0
configure:4295: result: yes
configure:4303: checking for size_t
configure:4303: /usr/bin/gcc -c -g -O2  conftest.c >&5
configure:4303: $? = 0
configure:4303: /usr/bin/gcc -c -g -O2  conftest.c >&5
conftest.c: In function 'main':
conftest.c:66:21: error: expected expression before ')' token
   66 | if (sizeof ((size_t)))
      |                     ^
configure:4303: $? = 1
configure: failed program was:
| /* confdefs.h */
| #define PACKAGE_NAME "rogueclone2s"
| #define PACKAGE_TARNAME "rogueclone2s"
| #define PACKAGE_VERSION "6.0"
| #define PACKAGE_STRING "rogueclone2s 6.0"
| #define PACKAGE_BUGREPORT "http://homepage2.nifty.com/107steps/"
| #define PACKAGE_URL ""
| #define PACKAGE "rogueclone2s"
| #define VERSION "6.0"
| #define STDC_HEADERS 1
| #define HAVE_SYS_TYPES_H 1
| #define HAVE_SYS_STAT_H 1
| #define HAVE_STDLIB_H 1
| #define HAVE_STRING_H 1
| #define HAVE_MEMORY_H 1
| #define HAVE_STRINGS_H 1
| #define HAVE_INTTYPES_H 1
| #define HAVE_STDINT_H 1
| #define HAVE_UNISTD_H 1
| #define HAVE_FCNTL_H 1
| #define HAVE_SGTTY_H 1
| #define HAVE_STDLIB_H 1
| #define HAVE_STRING_H 1
| #define HAVE_STRINGS_H 1
| #define HAVE_SYS_FILE_H 1
| #define HAVE_SYS_TIME_H 1
| #define HAVE_TERMIO_H 1
| #define HAVE_UNISTD_H 1
| /* end confdefs.h.  */
| #include <stdio.h>
| #ifdef HAVE_SYS_TYPES_H
| # include <sys/types.h>
| #endif
| #ifdef HAVE_SYS_STAT_H
| # include <sys/stat.h>
| #endif
| #ifdef STDC_HEADERS
| # include <stdlib.h>
| # include <stddef.h>
| #else
| # ifdef HAVE_STDLIB_H
| #  include <stdlib.h>
| # endif
| #endif
| #ifdef HAVE_STRING_H
| # if !defined STDC_HEADERS && defined HAVE_MEMORY_H
| #  include <memory.h>
| # endif
| # include <string.h>
| #endif
| #ifdef HAVE_STRINGS_H
| # include <strings.h>
| #endif
| #ifdef HAVE_INTTYPES_H
| # include <inttypes.h>
| #endif
| #ifdef HAVE_STDINT_H
| # include <stdint.h>
| #endif
| #ifdef HAVE_UNISTD_H
| # include <unistd.h>
| #endif
| int
| main ()
| {
| if (sizeof ((size_t)))
| 	    return 0;
|   ;
|   return 0;
| }
configure:4303: result: yes
configure:4314: checking whether struct tm is in sys/time.h or time.h
configure:4334: /usr/bin/gcc -c -g -O2  conftest.c >&5
configure:4334: $? = 0
configure:4341: result: time.h
configure:4352: checking whether /usr/bin/gcc needs -traditional
configure:4386: result: no
configure:4393: checking for working memcmp
configure:4436: /usr/bin/gcc -o conftest -g -O2   conftest.c  >&5
configure:4436: $? = 0
configure:4436: ./conftest
configure:4436: $? = 0
configure:4446: result: yes
configure:4455: checking return type of signal handlers
configure:4473: /usr/bin/gcc -c -g -O2  conftest.c >&5
conftest.c: In function 'main':
conftest.c:36:10: error: void value not ignored as it ought to be
   36 | return *(signal (0, 0)) (0) == 1;
      |         ~^~~~~~~~~~~~~~~~~~
configure:4473: $? = 1
configure: failed program was:
| /* confdefs.h */
| #define PACKAGE_NAME "rogueclone2s"
| #define PACKAGE_TARNAME "rogueclone2s"
| #define PACKAGE_VERSION "6.0"
| #define PACKAGE_STRING "rogueclone2s 6.0"
| #define PACKAGE_BUGREPORT "http://homepage2.nifty.com/107steps/"
| #define PACKAGE_URL ""
| #define PACKAGE "rogueclone2s"
| #define VERSION "6.0"
| #define STDC_HEADERS 1
| #define HAVE_SYS_TYPES_H 1
| #define HAVE_SYS_STAT_H 1
| #define HAVE_STDLIB_H 1
| #define HAVE_STRING_H 1
| #define HAVE_MEMORY_H 1
| #define HAVE_STRINGS_H 1
| #define HAVE_INTTYPES_H 1
| #define HAVE_STDINT_H 1
| #define HAVE_UNISTD_H 1
| #define HAVE_FCNTL_H 1
| #define HAVE_SGTTY_H 1
| #define HAVE_STDLIB_H 1
| #define HAVE_STRING_H 1
| #define HAVE_STRINGS_H 1
| #define HAVE_SYS_FILE_H 1
| #define HAVE_SYS_TIME_H 1
| #define HAVE_TERMIO_H 1
| #define HAVE_UNISTD_H 1
| /* end confdefs.h.  */
| #include <sys/types.h>
| #include <signal.h>
| 
| int
| main ()
| {
| return *(signal (0, 0)) (0) == 1;
|   ;
|   return 0;
| }
configure:4480: result: void
configure:4488: checking whether lstat correctly handles trailing slash
configure:4514: /usr/bin/gcc -o conftest -g -O2   conftest.c  >&5
configure:4514: $? = 0
configure:4514: ./conftest
configure:4514: $? = 0
configure:4531: result: yes
configure:4550: checking whether stat accepts an empty string
configure:4570: /usr/bin/gcc -o conftest -g -O2   conftest.c  >&5
configure:4570: $? = 0
configure:4570: ./conftest
configure:4570: $? = 0
configure:4580: result: no
configure:4598: checking for stdlib.h
configure:4598: result: yes
configure:4608: checking for GNU libc compatible malloc
configure:4632: /usr/bin/gcc -o conftest -g -O2   conftest.c  >&5
configure:4632: $? = 0
configure:4632: ./conftest
configure:4632: $? = 0
configure:4642: result: yes
configure:4666: checking windows.h usability
configure:4666: /usr/bin/gcc -c -g -O2  conftest.c >&5
conftest.c:67:10: fatal error: windows.h: No such file or directory
   67 | #include <windows.h>
      |          ^~~~~~~~~~~
compilation terminated.
configure:4666: $? = 1
configure: failed program was:
| /* confdefs.h */
| #define PACKAGE_NAME "rogueclone2s"
| #define PACKAGE_TARNAME "rogueclone2s"
| #define PACKAGE_VERSION "6.0"
| #define PACKAGE_STRING "rogueclone2s 6.0"
| #define PACKAGE_BUGREPORT "http://homepage2.nifty.com/107steps/"
| #define PACKAGE_URL ""
| #define PACKAGE "rogueclone2s"
| #define VERSION "6.0"
| #define STDC_HEADERS 1
| #define HAVE_SYS_TYPES_H 1
| #define HAVE_SYS_STAT_H 1
| #define HAVE_STDLIB_H 1
| #define HAVE_STRING_H 1
| #define HAVE_MEMORY_H 1
| #define HAVE_STRINGS_H 1
| #define HAVE_INTTYPES_H 1
| #define HAVE_STDINT_H 1
| #define HAVE_UNISTD_H 1
| #define HAVE_FCNTL_H 1
| #define HAVE_SGTTY_H 1
| #define HAVE_STDLIB_H 1
| #define HAVE_STRING_H 1
| #define HAVE_STRINGS_H 1
| #define HAVE_SYS_FILE_H 1
| #define HAVE_SYS_TIME_H 1
| #define HAVE_TERMIO_H 1
| #define HAVE_UNISTD_H 1
| #define RETSIGTYPE void
| #define LSTAT_FOLLOWS_SLASHED_SYMLINK 1
| #define HAVE_STDLIB_H 1
| #define HAVE_MALLOC 1
| /* end confdefs.h.  */
| #include <stdio.h>
| #ifdef HAVE_SYS_TYPES_H
| # include <sys/types.h>
| #endif
| #ifdef HAVE_SYS_STAT_H
| # include <sys/stat.h>
| #endif
| #ifdef STDC_HEADERS
| # include <stdlib.h>
| # include <stddef.h>
| #else
| # ifdef HAVE_STDLIB_H
| #  include <stdlib.h>
| # endif
| #endif
| #ifdef HAVE_STRING_H
| # if !defined STDC_HEADERS && defined HAVE_MEMORY_H
| #  include <memory.h>
| # endif
| # include <string.h>
| #endif
| #ifdef HAVE_STRINGS_H
| # include <strings.h>
| #endif
| #ifdef HAVE_INTTYPES_H
| # include <inttypes.h>
| #endif
| #ifdef HAVE_STDINT_H
| # include <stdint.h>
| #endif
| #ifdef HAVE_UNISTD_H
| # include <unistd.h>
| #endif
| #include <windows.h>
configure:4666: result: no
configure:4666: checking windows.h presence
configure:4666: /usr/bin/gcc -E  conftest.c
conftest.c:34:10: fatal error: windows.h: No such file or directory
   34 | #include <windows.h>
      |          ^~~~~~~~~~~
compilation terminated.
configure:4666: $? = 1
configure: failed program was:
| /* confdefs.h */
| #define PACKAGE_NAME "rogueclone2s"
| #define PACKAGE_TARNAME "rogueclone2s"
| #define PACKAGE_VERSION "6.0"
| #define PACKAGE_STRING "rogueclone2s 6.0"
| #define PACKAGE_BUGREPORT "http://homepage2.nifty.com/107steps/"
| #define PACKAGE_URL ""
| #define PACKAGE "rogueclone2s"
| #define VERSION "6.0"
| #define STDC_HEADERS 1
| #define HAVE_SYS_TYPES_H 1
| #define HAVE_SYS_STAT_H 1
| #define HAVE_STDLIB_H 1
| #define HAVE_STRING_H 1
| #define HAVE_MEMORY_H 1
| #define HAVE_STRINGS_H 1
| #define HAVE_INTTYPES_H 1
| #define HAVE_STDINT_H 1
| #define HAVE_UNISTD_H 1
| #define HAVE_FCNTL_H 1
| #define HAVE_SGTTY_H 1
| #define HAVE_STDLIB_H 1
| #define HAVE_STRING_H 1
| #define HAVE_STRINGS_H 1
| #define HAVE_SYS_FILE_H 1
| #define HAVE_SYS_TIME_H 1
| #define HAVE_TERMIO_H 1
| #define HAVE_UNISTD_H 1
| #define RETSIGTYPE void
| #define LSTAT_FOLLOWS_SLASHED_SYMLINK 1
| #define HAVE_STDLIB_H 1
| #define HAVE_MALLOC 1
| /* end confdefs.h.  */
| #include <windows.h>
configure:4666: result: no
configure:4666: checking for windows.h
configure:4666: result: no
configure:4666: checking locale.h usability
configure:4666: /usr/bin/gcc -c -g -O2  conftest.c >&5
configure:4666: $? = 0
configure:4666: result: yes
configure:4666: checking locale.h presence
configure:4666: /usr/bin/gcc -E  conftest.c
configure:4666: $? = 0
configure:4666: result: yes
configure:4666: checking for locale.h
configure:4666: result: yes
configure:4676: checking for initscr in -lncursesw
configure:4701: /usr/bin/gcc -o conftest -g -O2   conftest.c -lncursesw   >&5
configure:4701: $? = 0
configure:4710: result: yes
configure:4721: checking for _sleep in -lkernel32
configure:4746: /usr/bin/gcc -o conftest -g -O2   conftest.c -lkernel32  -lncursesw  >&5
/usr/bin/ld: cannot find -lkernel32
collect2: error: ld returned 1 exit status
configure:4746: $? = 1
configure: failed program was:
| /* confdefs.h */
| #define PACKAGE_NAME "rogueclone2s"
| #define PACKAGE_TARNAME "rogueclone2s"
| #define PACKAGE_VERSION "6.0"
| #define PACKAGE_STRING "rogueclone2s 6.0"
| #define PACKAGE_BUGREPORT "http://homepage2.nifty.com/107steps/"
| #define PACKAGE_URL ""
| #define PACKAGE "rogueclone2s"
| #define VERSION "6.0"
| #define STDC_HEADERS 1
| #define HAVE_SYS_TYPES_H 1
| #define HAVE_SYS_STAT_H 1
| #define HAVE_STDLIB_H 1
| #define HAVE_STRING_H 1
| #define HAVE_MEMORY_H 1
| #define HAVE_STRINGS_H 1
| #define HAVE_INTTYPES_H 1
| #define HAVE_STDINT_H 1
| #define HAVE_UNISTD_H 1
| #define HAVE_FCNTL_H 1
| #define HAVE_SGTTY_H 1
| #define HAVE_STDLIB_H 1
| #define HAVE_STRING_H 1
| #define HAVE_STRINGS_H 1
| #define HAVE_SYS_FILE_H 1
| #define HAVE_SYS_TIME_H 1
| #define HAVE_TERMIO_H 1
| #define HAVE_UNISTD_H 1
| #define RETSIGTYPE void
| #define LSTAT_FOLLOWS_SLASHED_SYMLINK 1
| #define HAVE_STDLIB_H 1
| #define HAVE_MALLOC 1
| #define HAVE_LOCALE_H 1
| #define HAVE_LIBNCURSESW 1
| /* end confdefs.h.  */
| 
| /* Override any GCC internal prototype to avoid an error.
|    Use char because int might match the return type of a GCC
|    builtin and then its argument prototype would still apply.  */
| #ifdef __cplusplus
| extern "C"
| #endif
| char _sleep ();
| int
| main ()
| {
| return _sleep ();
|   ;
|   return 0;
| }
configure:4755: result: no
configure:4769: checking for chdir
configure:4769: /usr/bin/gcc -o conftest -g -O2   conftest.c -lncursesw  >&5
configure:4769: $? = 0
configure:4769: result: yes
configure:4769: checking for getcwd
configure:4769: /usr/bin/gcc -o conftest -g -O2   conftest.c -lncursesw  >&5
configure:4769: $? = 0
configure:4769: result: yes
configure:4769: checking for getenv
configure:4769: /usr/bin/gcc -o conftest -g -O2   conftest.c -lncursesw  >&5
configure:4769: $? = 0
configure:4769: result: yes
configure:4769: checking for getlogin
configure:4769: /usr/bin/gcc -o conftest -g -O2   conftest.c -lncursesw  >&5
configure:4769: $? = 0
configure:4769: result: yes
configure:4769: checking for memset
configure:4769: /usr/bin/gcc -o conftest -g -O2   conftest.c -lncursesw  >&5
conftest.c:63:6: warning: conflicting types for built-in function 'memset'; expected 'void *(void *, int,  long unsigned int)' [-Wbuiltin-declaration-mismatch]
   63 | char memset ();
      |      ^~~~~~
conftest.c:51:1: note: 'memset' is declared in header '<string.h>'
   50 | # include <limits.h>
   51 | #else
configure:4769: $? = 0
configure:4769: result: yes
configure:4769: checking for putenv
configure:4769: /usr/bin/gcc -o conftest -g -O2   conftest.c -lncursesw  >&5
configure:4769: $? = 0
configure:4769: result: yes
configure:4769: checking for setenv
configure:4769: /usr/bin/gcc -o conftest -g -O2   conftest.c -lncursesw  >&5
configure:4769: $? = 0
configure:4769: result: yes
configure:4769: checking for setlocale
configure:4769: /usr/bin/gcc -o conftest -g -O2   conftest.c -lncursesw  >&5
configure:4769: $? = 0
configure:4769: result: yes
configure:4769: checking for strchr
configure:4769: /usr/bin/gcc -o conftest -g -O2   conftest.c -lncursesw  >&5
conftest.c:67:6: warning: conflicting types for built-in function 'strchr'; expected 'char *(const char *, int)' [-Wbuiltin-declaration-mismatch]
   67 | char strchr ();
      |      ^~~~~~
conftest.c:55:1: note: 'strchr' is declared in header '<string.h>'
   54 | # include <limits.h>
   55 | #else
configure:4769: $? = 0
configure:4769: result: yes
configure:4769: checking for sleep
configure:4769: /usr/bin/gcc -o conftest -g -O2   conftest.c -lncursesw  >&5
configure:4769: $? = 0
configure:4769: result: yes
configure:4781: checking for assume_default_colors
configure:4781: /usr/bin/gcc -o conftest -g -O2   conftest.c -lncursesw  >&5
configure:4781: $? = 0
configure:4781: result: yes
configure:4781: checking for attr_get
configure:4781: /usr/bin/gcc -o conftest -g -O2   conftest.c -lncursesw  >&5
configure:4781: $? = 0
configure:4781: result: yes
configure:4931: creating ./config.status

## ---------------------- ##
## Running config.status. ##
## ---------------------- ##

This file was extended by rogueclone2s config.status 6.0, which was
generated by GNU Autoconf 2.69.  Invocation command line was

  CONFIG_FILES    = 
  CONFIG_HEADERS  = 
  CONFIG_LINKS    = 
  CONFIG_COMMANDS = 
  $ ./config.status 

on raspberrypi

config.status:878: creating Makefile
config.status:878: creating doc/Makefile
config.status:878: creating man/Makefile
config.status:878: creating src/Makefile
config.status:878: creating config.h
config.status:1107: executing depfiles commands

## ---------------- ##
## Cache variables. ##
## ---------------- ##

ac_cv_c_compiler_gnu=yes
ac_cv_c_const=yes
ac_cv_env_CC_set=set
ac_cv_env_CC_value=/usr/bin/gcc
ac_cv_env_CFLAGS_set=
ac_cv_env_CFLAGS_value=
ac_cv_env_CPPFLAGS_set=
ac_cv_env_CPPFLAGS_value=
ac_cv_env_CPP_set=
ac_cv_env_CPP_value=
ac_cv_env_LDFLAGS_set=
ac_cv_env_LDFLAGS_value=
ac_cv_env_LIBS_set=
ac_cv_env_LIBS_value=
ac_cv_env_build_alias_set=
ac_cv_env_build_alias_value=
ac_cv_env_host_alias_set=
ac_cv_env_host_alias_value=
ac_cv_env_target_alias_set=
ac_cv_env_target_alias_value=
ac_cv_func_assume_default_colors=yes
ac_cv_func_attr_get=yes
ac_cv_func_chdir=yes
ac_cv_func_getcwd=yes
ac_cv_func_getenv=yes
ac_cv_func_getlogin=yes
ac_cv_func_lstat_dereferences_slashed_symlink=yes
ac_cv_func_malloc_0_nonnull=yes
ac_cv_func_memcmp_working=yes
ac_cv_func_memset=yes
ac_cv_func_putenv=yes
ac_cv_func_setenv=yes
ac_cv_func_setlocale=yes
ac_cv_func_sleep=yes
ac_cv_func_stat_empty_string_bug=no
ac_cv_func_strchr=yes
ac_cv_header_fcntl_h=yes
ac_cv_header_inttypes_h=yes
ac_cv_header_locale_h=yes
ac_cv_header_memory_h=yes
ac_cv_header_sgtty_h=yes
ac_cv_header_stdc=yes
ac_cv_header_stdint_h=yes
ac_cv_header_stdlib_h=yes
ac_cv_header_string_h=yes
ac_cv_header_strings_h=yes
ac_cv_header_sys_file_h=yes
ac_cv_header_sys_stat_h=yes
ac_cv_header_sys_time_h=yes
ac_cv_header_sys_types_h=yes
ac_cv_header_termio_h=yes
ac_cv_header_unistd_h=yes
ac_cv_header_windows_h=no
ac_cv_lib_kernel32__sleep=no
ac_cv_lib_ncursesw_initscr=yes
ac_cv_objext=o
ac_cv_path_EGREP='/usr/bin/grep -E'
ac_cv_path_GREP=/usr/bin/grep
ac_cv_path_install='/usr/bin/install -c'
ac_cv_path_mkdir=/usr/bin/mkdir
ac_cv_prog_AWK=mawk
ac_cv_prog_CPP='/usr/bin/gcc -E'
ac_cv_prog_ac_ct_CC=/usr/bin/gcc
ac_cv_prog_cc__usr_bin_gcc_c_o=yes
ac_cv_prog_cc_c89=
ac_cv_prog_cc_g=yes
ac_cv_prog_gcc_traditional=no
ac_cv_prog_make_make_set=yes
ac_cv_struct_tm=time.h
ac_cv_type_signal=void
ac_cv_type_size_t=yes
am_cv_CC_dependencies_compiler_type=gcc3

## ----------------- ##
## Output variables. ##
## ----------------- ##

ACLOCAL='${SHELL} /home/pi/Rogue2.Official/missing --run aclocal-1.11'
AMDEPBACKSLASH='\'
AMDEP_FALSE='#'
AMDEP_TRUE=''
AMTAR='${SHELL} /home/pi/Rogue2.Official/missing --run tar'
AUTOCONF='${SHELL} /home/pi/Rogue2.Official/missing --run autoconf'
AUTOHEADER='${SHELL} /home/pi/Rogue2.Official/missing --run autoheader'
AUTOMAKE='${SHELL} /home/pi/Rogue2.Official/missing --run automake-1.11'
AWK='mawk'
CC='/usr/bin/gcc'
CCDEPMODE='depmode=gcc3'
CFLAGS='-g -O2'
CPP='/usr/bin/gcc -E'
CPPFLAGS=''
CYGPATH_W='echo'
DEFS='-DHAVE_CONFIG_H'
DEPDIR='.deps'
ECHO_C=''
ECHO_N='-n'
ECHO_T=''
EGREP='/usr/bin/grep -E'
EXEEXT=''
GREP='/usr/bin/grep'
INSTALL_DATA='${INSTALL} -m 644'
INSTALL_PROGRAM='${INSTALL}'
INSTALL_SCRIPT='${INSTALL}'
INSTALL_STRIP_PROGRAM='$(install_sh) -c -s'
LDFLAGS=''
LIBOBJS=''
LIBS='-lncursesw '
LTLIBOBJS=''
MAKEINFO='${SHELL} /home/pi/Rogue2.Official/missing --run makeinfo'
MKDIR_P='/usr/bin/mkdir -p'
OBJEXT='o'
PACKAGE='rogueclone2s'
PACKAGE_BUGREPORT='http://homepage2.nifty.com/107steps/'
PACKAGE_NAME='rogueclone2s'
PACKAGE_STRING='rogueclone2s 6.0'
PACKAGE_TARNAME='rogueclone2s'
PACKAGE_URL=''
PACKAGE_VERSION='6.0'
PATH_SEPARATOR=':'
SET_MAKE=''
SHELL='/bin/bash'
STRIP=''
VERSION='6.0'
ac_ct_CC='/usr/bin/gcc'
am__EXEEXT_FALSE=''
am__EXEEXT_TRUE='#'
am__fastdepCC_FALSE='#'
am__fastdepCC_TRUE=''
am__include='include'
am__isrc=''
am__leading_dot='.'
am__quote=''
am__tar='${AMTAR} chof - "$$tardir"'
am__untar='${AMTAR} xf -'
bindir='${exec_prefix}/bin'
build_alias=''
datadir='${datarootdir}'
datarootdir='${prefix}/share'
docdir='${datarootdir}/doc/${PACKAGE_TARNAME}'
dvidir='${docdir}'
exec_prefix='${prefix}'
host_alias=''
htmldir='${docdir}'
includedir='${prefix}/include'
infodir='${datarootdir}/info'
install_sh='${SHELL} /home/pi/Rogue2.Official/install-sh'
libdir='${exec_prefix}/lib'
libexecdir='${exec_prefix}/libexec'
localedir='${datarootdir}/locale'
localstatedir='${prefix}/var'
mandir='${datarootdir}/man'
mkdir_p='/usr/bin/mkdir -p'
oldincludedir='/usr/include'
pdfdir='${docdir}'
prefix='/usr/local'
program_transform_name='s,x,x,'
psdir='${docdir}'
sbindir='${exec_prefix}/sbin'
sharedstatedir='${prefix}/com'
sysconfdir='${prefix}/etc'
target_alias=''

## ----------- ##
## confdefs.h. ##
## ----------- ##

/* confdefs.h */
#define PACKAGE_NAME "rogueclone2s"
#define PACKAGE_TARNAME "rogueclone2s"
#define PACKAGE_VERSION "6.0"
#define PACKAGE_STRING "rogueclone2s 6.0"
#define PACKAGE_BUGREPORT "http://homepage2.nifty.com/107steps/"
#define PACKAGE_URL ""
#define PACKAGE "rogueclone2s"
#define VERSION "6.0"
#define STDC_HEADERS 1
#define HAVE_SYS_TYPES_H 1
#define HAVE_SYS_STAT_H 1
#define HAVE_STDLIB_H 1
#define HAVE_STRING_H 1
#define HAVE_MEMORY_H 1
#define HAVE_STRINGS_H 1
#define HAVE_INTTYPES_H 1
#define HAVE_STDINT_H 1
#define HAVE_UNISTD_H 1
#define HAVE_FCNTL_H 1
#define HAVE_SGTTY_H 1
#define HAVE_STDLIB_H 1
#define HAVE_STRING_H 1
#define HAVE_STRINGS_H 1
#define HAVE_SYS_FILE_H 1
#define HAVE_SYS_TIME_H 1
#define HAVE_TERMIO_H 1
#define HAVE_UNISTD_H 1
#define RETSIGTYPE void
#define LSTAT_FOLLOWS_SLASHED_SYMLINK 1
#define HAVE_STDLIB_H 1
#define HAVE_MALLOC 1
#define HAVE_LOCALE_H 1
#define HAVE_LIBNCURSESW 1
#define HAVE_CHDIR 1
#define HAVE_GETCWD 1
#define HAVE_GETENV 1
#define HAVE_GETLOGIN 1
#define HAVE_MEMSET 1
#define HAVE_PUTENV 1
#define HAVE_SETENV 1
#define HAVE_SETLOCALE 1
#define HAVE_STRCHR 1
#define HAVE_SLEEP 1
#define HAVE_ASSUME_DEFAULT_COLORS 1
#define HAVE_ATTR_GET 1
#define COLOR /**/

configure: exit 0

## ---------------------- ##
## Running config.status. ##
## ---------------------- ##

This file was extended by rogueclone2s config.status 6.0, which was
generated by GNU Autoconf 2.69.  Invocation command line was

  CONFIG_FILES    = 
  CONFIG_HEADERS  = 
  CONFIG_LINKS    = 
  CONFIG_COMMANDS = 
  $ ./config.status config.h

on raspberrypi

config.status:878: creating config.h
config.status:1059: config.h is unchanged
